<?xml version="1.0" encoding="UTF-8"?>
<!-- Generated by org.testng.reporters.JUnitXMLReporter -->
<testsuite ignored="3" hostname="VNMPCTHN12" failures="0" tests="1" name="Test" time="18.839" errors="0" timestamp="2024-09-02T11:15:06 ICT">
  <testcase classname="uk.co.automationtesting.liveproject1.OrderCompleteTest" name="endToEndTest" time="15.404"/>
  <testcase classname="base.Hooks" name="@BeforeTest setup" time="0.0">
    <ignored/>
  </testcase> <!-- @BeforeTest setup -->
  <testcase classname="base.Hooks" name="@AfterTest tearDown" time="0.0">
    <ignored/>
  </testcase> <!-- @AfterTest tearDown -->
  <testcase classname="uk.co.automationtesting.liveproject1.AddRemoveItemBasketTest" name="addRemoveItem" time="0.0">
    <ignored/>
  </testcase> <!-- addRemoveItem -->
</testsuite> <!-- Test -->
