<?xml version="1.0" encoding="UTF-8"?>
<!-- Generated by org.testng.reporters.JUnitXMLReporter -->
<testsuite ignored="0" hostname="Nguyens-MacBook-Pro.local" failures="1" tests="1" name="TestOrderComplete" time="21.671" errors="0" timestamp="2025-02-22T11:13:22 GMT+07:00">
  <testcase classname="uk.co.automationtesting.liveproject1.AddRemoveItemBasketTest" name="addRemoveItem" time="15.831">
    <failure type="java.lang.AssertionError" message="Cart amount did not match the expected amount, it found: $45.24 expected $45.23">
      <![CDATA[java.lang.AssertionError: Cart amount did not match the expected amount, it found: $45.24 expected $45.23
at uk.co.automationtesting.liveproject1.AddRemoveItemBasketTest.addRemoveItem(AddRemoveItemBasketTest.java:95)
at java.base/java.util.ArrayList.forEach(ArrayList.java:1597)
at java.base/java.util.concurrent.FutureTask.run(FutureTask.java:317)
at java.base/java.util.concurrent.ThreadPoolExecutor.runWorker(ThreadPoolExecutor.java:1144)
at java.base/java.util.concurrent.ThreadPoolExecutor$Worker.run(ThreadPoolExecutor.java:642)
at java.base/java.lang.Thread.run(Thread.java:1575)
... Removed 16 stack frames]]>
    </failure>
  </testcase> <!-- addRemoveItem -->
</testsuite> <!-- TestOrderComplete -->
