<?xml version="1.0" encoding="UTF-8"?>
<testng-results ignored="0" total="2" passed="1" failed="1" skipped="0">
  <reporter-output>
  </reporter-output>
  <suite started-at="2025-02-22T11:19:41 GMT+07:00" name="Suite" finished-at="2025-02-22T11:20:25 GMT+07:00" duration-ms="43793">
    <groups>
      <group name="regression">
        <method signature="OrderCompleteTest.endToEndTest()[pri:0, instance:uk.co.automationtesting.liveproject1.OrderCompleteTest@3a93b025]" name="endToEndTest" class="uk.co.automationtesting.liveproject1.OrderCompleteTest"/>
        <method signature="AddRemoveItemBasketTest.addRemoveItem()[pri:0, instance:uk.co.automationtesting.liveproject1.AddRemoveItemBasketTest@14cd1699]" name="addRemoveItem" class="uk.co.automationtesting.liveproject1.AddRemoveItemBasketTest"/>
      </group> <!-- regression -->
      <group name="smoke">
        <method signature="OrderCompleteTest.endToEndTest()[pri:0, instance:uk.co.automationtesting.liveproject1.OrderCompleteTest@3a93b025]" name="endToEndTest" class="uk.co.automationtesting.liveproject1.OrderCompleteTest"/>
      </group> <!-- smoke -->
    </groups>
    <test started-at="2025-02-22T11:19:41 GMT+07:00" name="TestOrderComplete" finished-at="2025-02-22T11:20:21 GMT+07:00" duration-ms="39767">
      <class name="uk.co.automationtesting.liveproject1.AddRemoveItemBasketTest">
        <test-method is-config="true" signature="setup()[pri:0, instance:uk.co.automationtesting.liveproject1.AddRemoveItemBasketTest@14cd1699]" started-at="2025-02-22T11:19:41 GMT+07:00" name="setup" finished-at="2025-02-22T11:19:50 GMT+07:00" duration-ms="8766" status="PASS">
          <reporter-output>
          </reporter-output>
        </test-method> <!-- setup -->
        <test-method signature="addRemoveItem()[pri:0, instance:uk.co.automationtesting.liveproject1.AddRemoveItemBasketTest@14cd1699]" started-at="2025-02-22T11:19:50 GMT+07:00" name="addRemoveItem" finished-at="2025-02-22T11:20:20 GMT+07:00" duration-ms="29941" status="FAIL">
          <exception class="org.openqa.selenium.NoSuchElementException">
            <message>
              <![CDATA[Unable to locate element: .cart-items .cart-item:nth-of-type(2) .float-xs-left
For documentation on this error, please visit: https://www.selenium.dev/documentation/webdriver/troubleshooting/errors#no-such-element-exception
Build info: version: '4.15.0', revision: '1d14b5521b'
System info: os.name: 'Mac OS X', os.arch: 'x86_64', os.version: '15.3.1', java.version: '23.0.2'
Driver info: org.openqa.selenium.firefox.FirefoxDriver
Command: [701aa812-9433-44b8-9aee-e0a2d6d758fc, findElement {using=css selector, value=.cart-items .cart-item:nth-of-type(2) .float-xs-left}]
Capabilities {acceptInsecureCerts: true, browserName: firefox, browserVersion: 135.0, moz:accessibilityChecks: false, moz:buildID: 20250130195129, moz:geckodriverVersion: 0.35.0, moz:headless: false, moz:platformVersion: 24.3.0, moz:processID: 7373, moz:profile: /var/folders/d6/l5gv84zj7p7..., moz:shutdownTimeout: 60000, moz:webdriverClick: true, moz:windowless: false, pageLoadStrategy: normal, platformName: mac, proxy: Proxy(), setWindowRect: true, strictFileInteractability: false, timeouts: {implicit: 0, pageLoad: 300000, script: 30000}, unhandledPromptBehavior: dismiss and notify, userAgent: Mozilla/5.0 (Macintosh; Int...}
Session ID: 701aa812-9433-44b8-9aee-e0a2d6d758fc]]>
            </message>
            <full-stacktrace>
              <![CDATA[org.openqa.selenium.NoSuchElementException: Unable to locate element: .cart-items .cart-item:nth-of-type(2) .float-xs-left
For documentation on this error, please visit: https://www.selenium.dev/documentation/webdriver/troubleshooting/errors#no-such-element-exception
Build info: version: '4.15.0', revision: '1d14b5521b'
System info: os.name: 'Mac OS X', os.arch: 'x86_64', os.version: '15.3.1', java.version: '23.0.2'
Driver info: org.openqa.selenium.firefox.FirefoxDriver
Command: [701aa812-9433-44b8-9aee-e0a2d6d758fc, findElement {using=css selector, value=.cart-items .cart-item:nth-of-type(2) .float-xs-left}]
Capabilities {acceptInsecureCerts: true, browserName: firefox, browserVersion: 135.0, moz:accessibilityChecks: false, moz:buildID: 20250130195129, moz:geckodriverVersion: 0.35.0, moz:headless: false, moz:platformVersion: 24.3.0, moz:processID: 7373, moz:profile: /var/folders/d6/l5gv84zj7p7..., moz:shutdownTimeout: 60000, moz:webdriverClick: true, moz:windowless: false, pageLoadStrategy: normal, platformName: mac, proxy: Proxy(), setWindowRect: true, strictFileInteractability: false, timeouts: {implicit: 0, pageLoad: 300000, script: 30000}, unhandledPromptBehavior: dismiss and notify, userAgent: Mozilla/5.0 (Macintosh; Int...}
Session ID: 701aa812-9433-44b8-9aee-e0a2d6d758fc
at java.base/jdk.internal.reflect.DirectConstructorHandleAccessor.newInstance(DirectConstructorHandleAccessor.java:62)
at java.base/java.lang.reflect.Constructor.newInstanceWithCaller(Constructor.java:501)
at java.base/java.lang.reflect.Constructor.newInstance(Constructor.java:485)
at org.openqa.selenium.remote.codec.w3c.W3CHttpResponseCodec.createException(W3CHttpResponseCodec.java:200)
at org.openqa.selenium.remote.codec.w3c.W3CHttpResponseCodec.decode(W3CHttpResponseCodec.java:133)
at org.openqa.selenium.remote.codec.w3c.W3CHttpResponseCodec.decode(W3CHttpResponseCodec.java:52)
at org.openqa.selenium.remote.HttpCommandExecutor.execute(HttpCommandExecutor.java:191)
at org.openqa.selenium.remote.service.DriverCommandExecutor.invokeExecute(DriverCommandExecutor.java:200)
at org.openqa.selenium.remote.service.DriverCommandExecutor.execute(DriverCommandExecutor.java:175)
at org.openqa.selenium.remote.RemoteWebDriver.execute(RemoteWebDriver.java:607)
at org.openqa.selenium.remote.ElementLocation$ElementFinder$2.findElement(ElementLocation.java:165)
at org.openqa.selenium.remote.ElementLocation.findElement(ElementLocation.java:59)
at org.openqa.selenium.remote.RemoteWebDriver.findElement(RemoteWebDriver.java:364)
at org.openqa.selenium.remote.RemoteWebDriver.findElement(RemoteWebDriver.java:358)
at pageObjects.ShoppingCart.getDeleteItemTwo(ShoppingCart.java:45)
at uk.co.automationtesting.liveproject1.AddRemoveItemBasketTest.addRemoveItem(AddRemoveItemBasketTest.java:85)
at java.base/jdk.internal.reflect.DirectMethodHandleAccessor.invoke(DirectMethodHandleAccessor.java:103)
at java.base/java.lang.reflect.Method.invoke(Method.java:580)
at org.testng.internal.invokers.MethodInvocationHelper.invokeMethod(MethodInvocationHelper.java:141)
at org.testng.internal.invokers.TestInvoker.invokeMethod(TestInvoker.java:686)
at org.testng.internal.invokers.TestInvoker.invokeTestMethod(TestInvoker.java:230)
at org.testng.internal.invokers.MethodRunner.runInSequence(MethodRunner.java:63)
at org.testng.internal.invokers.TestInvoker$MethodInvocationAgent.invoke(TestInvoker.java:992)
at org.testng.internal.invokers.TestInvoker.invokeTestMethods(TestInvoker.java:203)
at org.testng.internal.invokers.TestMethodWorker.invokeTestMethods(TestMethodWorker.java:154)
at org.testng.internal.invokers.TestMethodWorker.run(TestMethodWorker.java:134)
at java.base/java.util.ArrayList.forEach(ArrayList.java:1597)
at org.testng.TestRunner.privateRun(TestRunner.java:739)
at org.testng.TestRunner.run(TestRunner.java:614)
at org.testng.SuiteRunner.runTest(SuiteRunner.java:421)
at org.testng.SuiteRunner$SuiteWorker.run(SuiteRunner.java:463)
at org.testng.internal.thread.ThreadUtil.lambda$execute$0(ThreadUtil.java:64)
at java.base/java.util.concurrent.FutureTask.run(FutureTask.java:317)
at java.base/java.util.concurrent.ThreadPoolExecutor.runWorker(ThreadPoolExecutor.java:1144)
at java.base/java.util.concurrent.ThreadPoolExecutor$Worker.run(ThreadPoolExecutor.java:642)
at java.base/java.lang.Thread.run(Thread.java:1575)
]]>
            </full-stacktrace>
          </exception> <!-- org.openqa.selenium.NoSuchElementException -->
          <reporter-output>
          </reporter-output>
        </test-method> <!-- addRemoveItem -->
        <test-method is-config="true" signature="tearDown()[pri:0, instance:uk.co.automationtesting.liveproject1.AddRemoveItemBasketTest@14cd1699]" started-at="2025-02-22T11:20:20 GMT+07:00" name="tearDown" finished-at="2025-02-22T11:20:21 GMT+07:00" duration-ms="648" status="PASS">
          <reporter-output>
          </reporter-output>
        </test-method> <!-- tearDown -->
      </class> <!-- uk.co.automationtesting.liveproject1.AddRemoveItemBasketTest -->
    </test> <!-- TestOrderComplete -->
    <test started-at="2025-02-22T11:19:41 GMT+07:00" name="TestAddRemoveItemBasket" finished-at="2025-02-22T11:20:25 GMT+07:00" duration-ms="43793">
      <class name="uk.co.automationtesting.liveproject1.OrderCompleteTest">
        <test-method is-config="true" signature="setup()[pri:0, instance:uk.co.automationtesting.liveproject1.OrderCompleteTest@3a93b025]" started-at="2025-02-22T11:19:41 GMT+07:00" name="setup" finished-at="2025-02-22T11:19:50 GMT+07:00" duration-ms="9243" status="PASS">
          <reporter-output>
          </reporter-output>
        </test-method> <!-- setup -->
        <test-method signature="endToEndTest()[pri:0, instance:uk.co.automationtesting.liveproject1.OrderCompleteTest@3a93b025]" started-at="2025-02-22T11:19:50 GMT+07:00" name="endToEndTest" finished-at="2025-02-22T11:20:24 GMT+07:00" duration-ms="33697" status="PASS">
          <reporter-output>
          </reporter-output>
        </test-method> <!-- endToEndTest -->
        <test-method is-config="true" signature="tearDown()[pri:0, instance:uk.co.automationtesting.liveproject1.OrderCompleteTest@3a93b025]" started-at="2025-02-22T11:20:24 GMT+07:00" name="tearDown" finished-at="2025-02-22T11:20:25 GMT+07:00" duration-ms="640" status="PASS">
          <reporter-output>
          </reporter-output>
        </test-method> <!-- tearDown -->
      </class> <!-- uk.co.automationtesting.liveproject1.OrderCompleteTest -->
    </test> <!-- TestAddRemoveItemBasket -->
  </suite> <!-- Suite -->
</testng-results>
