<?xml version="1.0" encoding="UTF-8"?>
<testsuite xmlns:xsi="http://www.w3.org/2001/XMLSchema-instance" xsi:noNamespaceSchemaLocation="https://maven.apache.org/surefire/maven-surefire-plugin/xsd/surefire-test-report.xsd" name="TestSuite" time="20.149" tests="2" errors="0" skipped="0" failures="1">
  <properties>
[...]
</properties>
  <testcase name="addRemoveItem" classname="uk.co.automationtesting.liveproject1.AddRemoveItemBasketTest" time="12.984">
    <failure message="Cart amount did not match the expected amount, it found$45.24 expected $45.23" type="java.lang.AssertionError">java.lang.AssertionError: Cart amount did not match the expected amount, it found$45.24 expected $45.23
	at uk.co.automationtesting.liveproject1.AddRemoveItemBasketTest.addRemoveItem(AddRemoveItemBasketTest.java:84)
</failure>
    <system-out><![CDATA[$45.24
]]></system-out>
    <system-err><![CDATA[Starting ChromeDriver 128.0.6613.86 (3045ed680fdab64f784f3b366cfe74adbdf6ff01-refs/branch-heads/6613@{#1337}) on port 28933
Only local connections are allowed.
Please see https://chromedriver.chromium.org/security-considerations for suggestions on keeping ChromeDriver safe.
Starting ChromeDriver 128.0.6613.86 (3045ed680fdab64f784f3b366cfe74adbdf6ff01-refs/branch-heads/6613@{#1337}) on port 10029
Only local connections are allowed.
Please see https://chromedriver.chromium.org/security-considerations for suggestions on keeping ChromeDriver safe.
ChromeDriver was started successfully on port 28933.
ChromeDriver was started successfully on port 10029.
Sep 02, 2024 11:30:55 AM org.openqa.selenium.remote.ProtocolHandshake createSession
INFO: Detected dialect: W3C
Sep 02, 2024 11:30:55 AM org.openqa.selenium.remote.ProtocolHandshake createSession
INFO: Detected dialect: W3C
]]></system-err>
  </testcase>
  <testcase name="endToEndTest" classname="uk.co.automationtesting.liveproject1.OrderCompleteTest" time="15.876"/>
</testsuite>